<?xml version="1.0" encoding="utf-8" standalone="no"?>
<test-run id="2" testcasecount="4" result="Failed" total="4" passed="2" failed="2" inconclusive="0" skipped="0" asserts="3" engine-version="3.7.0.0" clr-version="4.0.30319.42000" start-time="2018-01-21 13:03:09Z" end-time="2018-01-21 13:03:28Z" duration="18.800557">
  <command-line><![CDATA["C:\TEAMPROJECT\GIT\selenim specflow\blog\LogCorner.BlogPost\packages\NUnit.ConsoleRunner.3.7.0\tools\nunit3-console.exe" LogCorner.BlogPost.Web.Mvc.UITest.dll ]]></command-line>
  <test-suite type="Assembly" id="0-1007" name="LogCorner.BlogPost.Web.Mvc.UITest.dll" fullname="C:\TEAMPROJECT\GIT\selenim specflow\blog\LogCorner.BlogPost\LogCorner.BlogPost.Service.UITest\bin\Debug\LogCorner.BlogPost.Web.Mvc.UITest.dll" runstate="Runnable" testcasecount="4" result="Failed" site="Child" start-time="2018-01-21 13:03:10Z" end-time="2018-01-21 13:03:28Z" duration="17.269292" total="4" passed="2" failed="2" warnings="0" inconclusive="0" skipped="0" asserts="3">
    <environment framework-version="3.9.0.0" clr-version="4.0.30319.42000" os-version="Microsoft Windows NT 10.0.16299.0" platform="Win32NT" cwd="C:\TEAMPROJECT\GIT\selenim specflow\blog\LogCorner.BlogPost\LogCorner.BlogPost.Service.UITest\bin\Debug" machine-name="TOCANE-LATITUDE" user="TOCANE" user-domain="TOCANE-LATITUDE" culture="en-US" uiculture="en-US" os-architecture="x64" />
    <settings>
      <setting name="DisposeRunners" value="True" />
      <setting name="WorkDirectory" value="C:\TEAMPROJECT\GIT\selenim specflow\blog\LogCorner.BlogPost\LogCorner.BlogPost.Service.UITest\bin\Debug" />
      <setting name="ImageRuntimeVersion" value="4.0.30319" />
      <setting name="ImageTargetFrameworkName" value=".NETFramework,Version=v4.6.2" />
      <setting name="ImageRequiresX86" value="False" />
      <setting name="ImageRequiresDefaultAppDomainAssemblyResolver" value="False" />
      <setting name="NumberOfTestWorkers" value="4" />
    </settings>
    <properties>
      <property name="_PID" value="14752" />
      <property name="_APPDOMAIN" value="domain-" />
    </properties>
    <failure>
      <message><![CDATA[One or more child tests had errors]]></message>
    </failure>
    <test-suite type="TestSuite" id="0-1008" name="LogCorner" fullname="LogCorner" runstate="Runnable" testcasecount="4" result="Failed" site="Child" start-time="2018-01-21 13:03:11Z" end-time="2018-01-21 13:03:28Z" duration="17.219925" total="4" passed="2" failed="2" warnings="0" inconclusive="0" skipped="0" asserts="3">
      <failure>
        <message><![CDATA[One or more child tests had errors]]></message>
      </failure>
      <test-suite type="TestSuite" id="0-1009" name="BlogPost" fullname="LogCorner.BlogPost" runstate="Runnable" testcasecount="4" result="Failed" site="Child" start-time="2018-01-21 13:03:11Z" end-time="2018-01-21 13:03:28Z" duration="17.204999" total="4" passed="2" failed="2" warnings="0" inconclusive="0" skipped="0" asserts="3">
        <failure>
          <message><![CDATA[One or more child tests had errors]]></message>
        </failure>
        <test-suite type="TestSuite" id="0-1010" name="Web" fullname="LogCorner.BlogPost.Web" runstate="Runnable" testcasecount="4" result="Failed" site="Child" start-time="2018-01-21 13:03:11Z" end-time="2018-01-21 13:03:28Z" duration="17.200325" total="4" passed="2" failed="2" warnings="0" inconclusive="0" skipped="0" asserts="3">
          <failure>
            <message><![CDATA[One or more child tests had errors]]></message>
          </failure>
          <test-suite type="TestSuite" id="0-1011" name="Mvc" fullname="LogCorner.BlogPost.Web.Mvc" runstate="Runnable" testcasecount="4" result="Failed" site="Child" start-time="2018-01-21 13:03:11Z" end-time="2018-01-21 13:03:28Z" duration="17.189833" total="4" passed="2" failed="2" warnings="0" inconclusive="0" skipped="0" asserts="3">
            <failure>
              <message><![CDATA[One or more child tests had errors]]></message>
            </failure>
            <test-suite type="TestSuite" id="0-1012" name="UITest" fullname="LogCorner.BlogPost.Web.Mvc.UITest" runstate="Runnable" testcasecount="4" result="Failed" site="Child" start-time="2018-01-21 13:03:11Z" end-time="2018-01-21 13:03:28Z" duration="17.158492" total="4" passed="2" failed="2" warnings="0" inconclusive="0" skipped="0" asserts="3">
              <failure>
                <message><![CDATA[One or more child tests had errors]]></message>
              </failure>
              <test-suite type="TestFixture" id="0-1000" name="Class1" fullname="LogCorner.BlogPost.Web.Mvc.UITest.Class1" classname="LogCorner.BlogPost.Web.Mvc.UITest.Class1" runstate="Runnable" testcasecount="1" result="Passed" start-time="2018-01-21 13:03:11Z" end-time="2018-01-21 13:03:11Z" duration="0.057097" total="1" passed="1" failed="0" warnings="0" inconclusive="0" skipped="0" asserts="1">
                <test-case id="0-1001" name="test" fullname="LogCorner.BlogPost.Web.Mvc.UITest.Class1.test" methodname="test" classname="LogCorner.BlogPost.Web.Mvc.UITest.Class1" runstate="Runnable" seed="861081078" result="Passed" start-time="2018-01-21 13:03:11Z" end-time="2018-01-21 13:03:11Z" duration="0.014987" asserts="1" />
              </test-suite>
              <test-suite type="TestSuite" id="0-1013" name="Feature" fullname="LogCorner.BlogPost.Web.Mvc.UITest.Feature" runstate="Runnable" testcasecount="3" result="Failed" site="Child" start-time="2018-01-21 13:03:11Z" end-time="2018-01-21 13:03:28Z" duration="17.143525" total="3" passed="1" failed="2" warnings="0" inconclusive="0" skipped="0" asserts="2">
                <failure>
                  <message><![CDATA[One or more child tests had errors]]></message>
                </failure>
                <test-suite type="TestFixture" id="0-1002" name="CreateBlogFeature" fullname="LogCorner.BlogPost.Web.Mvc.UITest.Feature.CreateBlogFeature" classname="LogCorner.BlogPost.Web.Mvc.UITest.Feature.CreateBlogFeature" runstate="Runnable" testcasecount="2" result="Failed" site="Child" start-time="2018-01-21 13:03:11Z" end-time="2018-01-21 13:03:27Z" duration="16.678443" total="2" passed="0" failed="2" warnings="0" inconclusive="0" skipped="0" asserts="1">
                  <properties>
                    <property name="Description" value="CreateBlog" />
                  </properties>
                  <failure>
                    <message><![CDATA[One or more child tests had errors]]></message>
                  </failure>
                  <output><![CDATA[-> Using app.config
]]></output>
                  <test-case id="0-1004" name="WhenAuthenticatedUserAttemptToCreateABlogPostItMustBeRedirectedOnCreateBlogPageXxx" fullname="LogCorner.BlogPost.Web.Mvc.UITest.Feature.CreateBlogFeature.WhenAuthenticatedUserAttemptToCreateABlogPostItMustBeRedirectedOnCreateBlogPageXxx" methodname="WhenAuthenticatedUserAttemptToCreateABlogPostItMustBeRedirectedOnCreateBlogPageXxx" classname="LogCorner.BlogPost.Web.Mvc.UITest.Feature.CreateBlogFeature" runstate="Runnable" seed="1354598746" result="Failed" label="Error" start-time="2018-01-21 13:03:18Z" end-time="2018-01-21 13:03:20Z" duration="1.811456" asserts="0">
                    <properties>
                      <property name="Description" value="When Authenticated User attempt to create a blogPost , it must be redirected on create blog page xxx" />
                    </properties>
                    <failure>
                      <message><![CDATA[OpenQA.Selenium.NoSuchElementException : no such element: Unable to locate element: {"method":"link text","selector":"Log off"}
  (Session info: chrome=63.0.3239.132)
  (Driver info: chromedriver=2.33.506120 (e3e53437346286c0bc2d2dc9aa4915ba81d9023f),platform=Windows NT 10.0.16299 x86_64)]]></message>
                      <stack-trace><![CDATA[   at OpenQA.Selenium.Remote.RemoteWebDriver.UnpackAndThrowOnError(Response errorResponse)
   at OpenQA.Selenium.Remote.RemoteWebDriver.Execute(String driverCommandToExecute, Dictionary`2 parameters)
   at OpenQA.Selenium.Remote.RemoteWebElement.FindElement(String mechanism, String value)
   at LogCorner.BlogPost.Web.Mvc.UITest.Page.MenuComponent.ClickOnLogOffLink() in C:\TEAMPROJECT\GIT\selenim specflow\blog\LogCorner.BlogPost\LogCorner.BlogPost.Service.UITest\Components\MenuComponent.cs:line 41
   at LogCorner.BlogPost.Web.Mvc.UITest.Page.MenuComponent.ClickOnLoginLink() in C:\TEAMPROJECT\GIT\selenim specflow\blog\LogCorner.BlogPost\LogCorner.BlogPost.Service.UITest\Components\MenuComponent.cs:line 34
   at LogCorner.BlogPost.Web.Mvc.UITest.Page.LoginView.AuthenticatedUser(String email, String password) in C:\TEAMPROJECT\GIT\selenim specflow\blog\LogCorner.BlogPost\LogCorner.BlogPost.Service.UITest\Views\LoginView.cs:line 29
   at LogCorner.BlogPost.Web.Mvc.UITest.Steps.CreateBlogSteps.GivenIMAnAuthenicatedUser(String email, String password) in C:\TEAMPROJECT\GIT\selenim specflow\blog\LogCorner.BlogPost\LogCorner.BlogPost.Service.UITest\Steps\CreateBlogSteps.cs:line 34
   at TechTalk.SpecFlow.Bindings.BindingInvoker.InvokeBinding(IBinding binding, IContextManager contextManager, Object[] arguments, ITestTracer testTracer, TimeSpan& duration)
   at TechTalk.SpecFlow.Infrastructure.TestExecutionEngine.ExecuteStepMatch(BindingMatch match, Object[] arguments)
   at TechTalk.SpecFlow.Infrastructure.TestExecutionEngine.ExecuteStep(IContextManager contextManager, StepInstance stepInstance)
   at TechTalk.SpecFlow.Infrastructure.TestExecutionEngine.OnAfterLastStep()
   at LogCorner.BlogPost.Web.Mvc.UITest.Feature.CreateBlogFeature.ScenarioCleanup()
   at LogCorner.BlogPost.Web.Mvc.UITest.Feature.CreateBlogFeature.WhenAuthenticatedUserAttemptToCreateABlogPostItMustBeRedirectedOnCreateBlogPageXxx() in C:\TEAMPROJECT\GIT\selenim specflow\blog\LogCorner.BlogPost\LogCorner.BlogPost.Service.UITest\Feature\CreateBlog.feature:line 21]]></stack-trace>
                    </failure>
                    <output><![CDATA[Given I m an authenicated user leyegora@yopmail.com Gophette1#
-> error: no such element: Unable to locate element: {"method":"link text","selector":"Log off"}
  (Session info: chrome=63.0.3239.132)
  (Driver info: chromedriver=2.33.506120 (e3e53437346286c0bc2d2dc9aa4915ba81d9023f),platform=Windows NT 10.0.16299 x86_64)
When I naviagte to blog list page
-> skipped because of previous errors
And I click on Create New Blog link
-> skipped because of previous errors
Then I must be redirected on CreateBlogPage
-> skipped because of previous errors
When I enter url https://logcorner2.com and description Lorem Ipsum is simply dummy text of the printing and typesetting industry. Lorem Ipsum has been the industry's standard dummy text ever since the 1500s and click on create button
-> skipped because of previous errors
Then I must be redirected on list of blog page
-> skipped because of previous errors
And my newly created blog will be displayed on that page
-> skipped because of previous errors
]]></output>
                  </test-case>
                  <test-case id="0-1003" name="WhenNoAuthenticatedUserAttemptToCreateABlogPostItMustBeRedirectedOnLoginPage" fullname="LogCorner.BlogPost.Web.Mvc.UITest.Feature.CreateBlogFeature.WhenNoAuthenticatedUserAttemptToCreateABlogPostItMustBeRedirectedOnLoginPage" methodname="WhenNoAuthenticatedUserAttemptToCreateABlogPostItMustBeRedirectedOnLoginPage" classname="LogCorner.BlogPost.Web.Mvc.UITest.Feature.CreateBlogFeature" runstate="Runnable" seed="1421047823" result="Failed" label="Error" start-time="2018-01-21 13:03:20Z" end-time="2018-01-21 13:03:27Z" duration="7.039394" asserts="1">
                    <properties>
                      <property name="Description" value="When no Authenticated User attempt to create a blogPost , it must be redirected on login page" />
                    </properties>
                    <failure>
                      <message><![CDATA[OpenQA.Selenium.NoSuchElementException : no such element: Unable to locate element: {"method":"id","selector":"createBlogSection"}
  (Session info: chrome=63.0.3239.132)
  (Driver info: chromedriver=2.33.506120 (e3e53437346286c0bc2d2dc9aa4915ba81d9023f),platform=Windows NT 10.0.16299 x86_64)]]></message>
                      <stack-trace><![CDATA[   at OpenQA.Selenium.Remote.RemoteWebDriver.UnpackAndThrowOnError(Response errorResponse)
   at OpenQA.Selenium.Remote.RemoteWebDriver.Execute(String driverCommandToExecute, Dictionary`2 parameters)
   at OpenQA.Selenium.Remote.RemoteWebDriver.FindElement(String mechanism, String value)
   at LogCorner.BlogPost.Web.Mvc.UITest.Page.BlogCreateComponent.get__root() in C:\TEAMPROJECT\GIT\selenim specflow\blog\LogCorner.BlogPost\LogCorner.BlogPost.Service.UITest\Components\BlogCreateComponent.cs:line 20
   at LogCorner.BlogPost.Web.Mvc.UITest.Page.BlogCreateComponent.IsAt() in C:\TEAMPROJECT\GIT\selenim specflow\blog\LogCorner.BlogPost\LogCorner.BlogPost.Service.UITest\Components\BlogCreateComponent.cs:line 26
   at LogCorner.BlogPost.Web.Mvc.UITest.Page.BlogCreateView.IsAt() in C:\TEAMPROJECT\GIT\selenim specflow\blog\LogCorner.BlogPost\LogCorner.BlogPost.Service.UITest\Views\BlogCreateView.cs:line 17
   at LogCorner.BlogPost.Web.Mvc.UITest.Steps.CreateBlogSteps.ThenIMustBeRedirectedOnCreateBlogPage() in C:\TEAMPROJECT\GIT\selenim specflow\blog\LogCorner.BlogPost\LogCorner.BlogPost.Service.UITest\Steps\CreateBlogSteps.cs:line 65
   at TechTalk.SpecFlow.Bindings.BindingInvoker.InvokeBinding(IBinding binding, IContextManager contextManager, Object[] arguments, ITestTracer testTracer, TimeSpan& duration)
   at TechTalk.SpecFlow.Infrastructure.TestExecutionEngine.ExecuteStepMatch(BindingMatch match, Object[] arguments)
   at TechTalk.SpecFlow.Infrastructure.TestExecutionEngine.ExecuteStep(IContextManager contextManager, StepInstance stepInstance)
   at TechTalk.SpecFlow.Infrastructure.TestExecutionEngine.OnAfterLastStep()
   at LogCorner.BlogPost.Web.Mvc.UITest.Feature.CreateBlogFeature.ScenarioCleanup()
   at LogCorner.BlogPost.Web.Mvc.UITest.Feature.CreateBlogFeature.WhenNoAuthenticatedUserAttemptToCreateABlogPostItMustBeRedirectedOnLoginPage() in C:\TEAMPROJECT\GIT\selenim specflow\blog\LogCorner.BlogPost\LogCorner.BlogPost.Service.UITest\Feature\CreateBlog.feature:line 11]]></stack-trace>
                    </failure>
                    <output><![CDATA[Given I m an anonymous user
-> done: CreateBlogSteps.GivenIMAnAnonymousUser() (0.7s)
When I naviagte to blog list page
-> done: CreateBlogSteps.WhenINaviagteToBlogListPage() (0.2s)
And I click on Create New Blog link
-> done: CreateBlogSteps.WhenIClickOnCreateNewBlogLink() (4.3s)
Then I must be redirected on login page
-> done: CreateBlogSteps.ThenIMustBeRedirectedOnLoginPage() (0.3s)
When I logged in leyegora@yopmail.com Gophette1#
-> done: CreateBlogSteps.WhenILoggedIn("leyegora@yopmail.com", "Gophette1#") (1.3s)
Then I must be redirected on CreateBlogPage
-> error: no such element: Unable to locate element: {"method":"id","selector":"createBlogSection"}
  (Session info: chrome=63.0.3239.132)
  (Driver info: chromedriver=2.33.506120 (e3e53437346286c0bc2d2dc9aa4915ba81d9023f),platform=Windows NT 10.0.16299 x86_64)
When I enter url https://logcorner2.com and description Lorem Ipsum is simply dummy text of the printing and typesetting industry. Lorem Ipsum has been the industry's standard dummy text ever since the 1500s and click on create button
-> skipped because of previous errors
Then I must be redirected on list of blog page
-> skipped because of previous errors
And my newly created blog will be displayed on that page
-> skipped because of previous errors
]]></output>
                  </test-case>
                </test-suite>
                <test-suite type="TestFixture" id="0-1005" name="HomeViewFeature" fullname="LogCorner.BlogPost.Web.Mvc.UITest.Feature.HomeViewFeature" classname="LogCorner.BlogPost.Web.Mvc.UITest.Feature.HomeViewFeature" runstate="Runnable" testcasecount="1" result="Passed" start-time="2018-01-21 13:03:27Z" end-time="2018-01-21 13:03:28Z" duration="0.351821" total="1" passed="1" failed="0" warnings="0" inconclusive="0" skipped="0" asserts="1">
                  <properties>
                    <property name="Description" value="HomeView" />
                  </properties>
                  <test-case id="0-1006" name="ApplicationLoadedSuccessfullyxxx" fullname="LogCorner.BlogPost.Web.Mvc.UITest.Feature.HomeViewFeature.ApplicationLoadedSuccessfullyxxx" methodname="ApplicationLoadedSuccessfullyxxx" classname="LogCorner.BlogPost.Web.Mvc.UITest.Feature.HomeViewFeature" runstate="Runnable" seed="1013597863" result="Passed" start-time="2018-01-21 13:03:27Z" end-time="2018-01-21 13:03:28Z" duration="0.332583" asserts="1">
                    <properties>
                      <property name="Description" value="Application loaded successfullyxxx" />
                    </properties>
                    <output><![CDATA[Given I am on the BlogPost application home page
-> done: HomeViewSteps.GivenIAmOnTheBlogPostApplicationHomePage() (0.3s)
Then Verify that the page title is Using Selenium and Specflow
-> done: HomeViewSteps.ThenVerifyThePageTitle("Using Selenium an...") (0.1s)
]]></output>
                  </test-case>
                </test-suite>
              </test-suite>
            </test-suite>
          </test-suite>
        </test-suite>
      </test-suite>
    </test-suite>
  </test-suite>
</test-run>